<?xml version="1.0" encoding="UTF-8" ?>
<testsuite errors="0" failures="0" hostname="Prakash-PC" name="test.com.bank.Junit4SuiteTest" skipped="0" tests="4" time="0.109" timestamp="2017-09-04T16:51:10">
  <properties>
[...]
</properties>
  <testcase classname="test.com.bank.AccountTest" name="testAccountEquals" time="0.012" />
  <testcase classname="test.com.bank.AccountTest" name="testGetAccount_no" time="0.001" />
  <testcase classname="test.com.bank.App1Test" name="TestappCheck" time="0.002" />
  <testcase classname="test.com.bank.ManagerTest" name="testManagerAccount" time="0.006" />
  <system-out><![CDATA[Account.Account() heer
Account.Account() heer
implemented in accountTest
Account.Account() heer
Account.getAccount_no()

Running the AppTest4...

New print after the appechck
TestManager.testManagerAccount here
Manager.getSalary called here
]]></system-out>
  <system-err><![CDATA[]]></system-err>
</testsuite>
